<?xml version="1.0" encoding="UTF-8"?>
<coverage generated="1731441616252" clover="3.2.0">
  <project timestamp="1731441616253" name="All files">
    <metrics statements="33" coveredstatements="29" conditionals="12" coveredconditionals="10" methods="6" coveredmethods="6" elements="51" coveredelements="45" complexity="0" loc="33" ncloc="33" packages="1" files="1" classes="1"/>
    <file name="calculator.ts" path="C:\Users\Danila\Desktop\testing\src\calculator.ts">
      <metrics statements="33" coveredstatements="29" conditionals="12" coveredconditionals="10" methods="6" coveredmethods="6"/>
      <line num="1" count="1" type="stmt"/>
      <line num="3" count="1" type="stmt"/>
      <line num="4" count="1" type="cond" truecount="1" falsecount="0"/>
      <line num="5" count="3" type="cond" truecount="1" falsecount="0"/>
      <line num="6" count="3" type="stmt"/>
      <line num="8" count="1" type="cond" truecount="1" falsecount="0"/>
      <line num="9" count="2" type="stmt"/>
      <line num="10" count="2" type="stmt"/>
      <line num="12" count="1" type="cond" truecount="1" falsecount="0"/>
      <line num="13" count="2" type="cond" truecount="1" falsecount="0"/>
      <line num="14" count="2" type="stmt"/>
      <line num="16" count="1" type="cond" truecount="1" falsecount="0"/>
      <line num="17" count="2" type="cond" truecount="1" falsecount="0"/>
      <line num="18" count="1" type="stmt"/>
      <line num="19" count="2" type="stmt"/>
      <line num="21" count="1" type="cond" truecount="1" falsecount="0"/>
      <line num="22" count="1" type="stmt"/>
      <line num="23" count="1" type="stmt"/>
      <line num="24" count="1" type="cond" truecount="1" falsecount="0"/>
      <line num="25" count="1" type="stmt"/>
      <line num="26" count="1" type="cond" truecount="0" falsecount="1"/>
      <line num="27" count="0" type="stmt"/>
      <line num="28" count="0" type="stmt"/>
      <line num="29" count="1" type="stmt"/>
      <line num="31" count="1" type="cond" truecount="1" falsecount="0"/>
      <line num="32" count="1" type="stmt"/>
      <line num="33" count="1" type="stmt"/>
      <line num="34" count="1" type="cond" truecount="0" falsecount="1"/>
      <line num="35" count="0" type="stmt"/>
      <line num="36" count="0" type="stmt"/>
      <line num="37" count="1" type="stmt"/>
      <line num="38" count="1" type="stmt"/>
      <line num="40" count="1" type="stmt"/>
    </file>
  </project>
</coverage>
